<?xml version="1.0" encoding="UTF-8" ?>
<testsuite tests="41" failures="0" name="calendar.ApptTest" time="0.245" errors="0" skipped="0">
  <properties>
[...]
</properties>
  <testcase classname="calendar.ApptTest" name="setValidTrueTest" time="0.141"/>
  <testcase classname="calendar.ApptTest" name="setValidDayTest1" time="0.015"/>
  <testcase classname="calendar.ApptTest" name="setValidDayTest2" time="0"/>
  <testcase classname="calendar.ApptTest" name="setValidHourTest1" time="0"/>
  <testcase classname="calendar.ApptTest" name="setValidHourTest2" time="0"/>
  <testcase classname="calendar.ApptTest" name="setTitleTest1" time="0.016"/>
  <testcase classname="calendar.ApptTest" name="setTitleTest2" time="0"/>
  <testcase classname="calendar.ApptTest" name="setRecurDays1Test" time="0.015"/>
  <testcase classname="calendar.ApptTest" name="setRecurDays2Test" time="0.016"/>
  <testcase classname="calendar.ApptTest" name="setValidYearTest" time="0"/>
  <testcase classname="calendar.ApptTest" name="test00" time="0"/>
  <testcase classname="calendar.ApptTest" name="setStartDayTest" time="0"/>
  <testcase classname="calendar.ApptTest" name="setIsOnTest1" time="0"/>
  <testcase classname="calendar.ApptTest" name="setIsOnTest2" time="0"/>
  <testcase classname="calendar.ApptTest" name="setIsOnTest3" time="0"/>
  <testcase classname="calendar.ApptTest" name="setIsOnTest4" time="0.016"/>
  <testcase classname="calendar.ApptTest" name="setRecurIncrementTest" time="0"/>
  <testcase classname="calendar.ApptTest" name="setRecurByTest" time="0"/>
  <testcase classname="calendar.ApptTest" name="setStartMinuteTest" time="0"/>
  <testcase classname="calendar.ApptTest" name="setStartYearTest" time="0"/>
  <testcase classname="calendar.ApptTest" name="setRecurNumber" time="0"/>
  <testcase classname="calendar.ApptTest" name="apptConstructorTest1" time="0"/>
  <testcase classname="calendar.ApptTest" name="apptConstructorTest2" time="0"/>
  <testcase classname="calendar.ApptTest" name="setValidMonthTest1" time="0"/>
  <testcase classname="calendar.ApptTest" name="setValidMonthTest2" time="0"/>
  <testcase classname="calendar.ApptTest" name="hasTimeSet1" time="0.015"/>
  <testcase classname="calendar.ApptTest" name="hasTimeSet2" time="0"/>
  <testcase classname="calendar.ApptTest" name="isRecurringTest1" time="0"/>
  <testcase classname="calendar.ApptTest" name="isRecurringTest2" time="0"/>
  <testcase classname="calendar.ApptTest" name="setValidMinuteTest1" time="0"/>
  <testcase classname="calendar.ApptTest" name="setValidMinuteTest2" time="0"/>
  <testcase classname="calendar.ApptTest" name="setStartHourTest" time="0.009"/>
  <testcase classname="calendar.ApptTest" name="setStartMonthTest" time="0.001"/>
  <testcase classname="calendar.ApptTest" name="representationAppTest1" time="0"/>
  <testcase classname="calendar.ApptTest" name="representationAppTest2" time="0.001"/>
  <testcase classname="calendar.ApptTest" name="representationAppTest3" time="0"/>
  <testcase classname="calendar.ApptTest" name="setDescriptionTest1" time="0"/>
  <testcase classname="calendar.ApptTest" name="setDescriptionTest2" time="0"/>
  <testcase classname="calendar.ApptTest" name="toStringTest1" time="0"/>
  <testcase classname="calendar.ApptTest" name="setEmailAddressTest1" time="0"/>
  <testcase classname="calendar.ApptTest" name="setEmailAddressTest2" time="0"/>
</testsuite>